# Coordinator Trace Log

## Session 4: 2026-01-06

### 10:04 - Session Start
- Reviewed project state
- Found uncommitted background sounds feature implementation

### 10:05 - Code Review
- Reviewed BackgroundSound.swift - APPROVED
- Reviewed AudioService.swift - APPROVED
- Reviewed TimerViewModel.swift - APPROVED
- Reviewed TimerSetupView.swift - APPROVED

### 10:05 - Build Verification
- Command: xcodebuild -scheme NoNonsenseMeditation -destination 'platform=iOS Simulator,name=iPhone 17 Pro' build
- Result: BUILD SUCCEEDED
- Output: Saved to ios/build_verification.log

### 10:06 - Git Commit
- Added all files: git add -A
- Committed: Session 4: Implement background sounds feature
- Commit includes: BackgroundSound model, AudioService enhancements, TimerViewModel updates, TimerSetupView UI, audio assets, ORCHESTRATOR.md simplification, PROGRESS.md update

### 10:06 - Checkpoint Creation
- Created checkpoints/coordinator/ directory
- Created checkpoint.json with current state
- Created trace.log (this file)
Command line invocation:
    /Applications/Xcode.app/Contents/Developer/usr/bin/xcodebuild -scheme NoNonsenseMeditation -destination "platform=iOS Simulator,name=iPhone 16 Pro" build

Command line invocation:
    /Applications/Xcode.app/Contents/Developer/usr/bin/xcodebuild -scheme NoNonsenseMeditation -destination "platform=iOS Simulator,name=iPhone 17 Pro" build

ComputePackagePrebuildTargetDependencyGraph

Prepare packages

CreateBuildRequest

SendProjectDescription

CreateBuildOperation

ComputeTargetDependencyGraph
note: Building targets in dependency order
note: Target dependency graph (1 target)
    Target 'NoNonsenseMeditation' in project 'NoNonsenseMeditation' (no dependencies)

GatherProvisioningInputs

CreateBuildDescription

ExecuteExternalTool /Applications/Xcode.app/Contents/Developer/Toolchains/XcodeDefault.xctoolchain/usr/bin/clang -v -E -dM -isysroot /Applications/Xcode.app/Contents/Developer/Platforms/iPhoneSimulator.platform/Developer/SDKs/iPhoneSimulator26.2.sdk -x c -c /dev/null

ExecuteExternalTool /Applications/Xcode.app/Contents/Developer/usr/bin/momc --dry-run --action generate --swift-version 5.0 --sdkroot /Applications/Xcode.app/Contents/Developer/Platforms/iPhoneSimulator.platform/Developer/SDKs/iPhoneSimulator26.2.sdk --iphonesimulator-deployment-target 17.0 --module NoNonsenseMeditation /Users/jeandavidt/Developer/jeandavidt/no-nonsense-meditation/ios/NoNonsenseMeditation/NoNonsenseMeditation/Core/Persistence/NoNonsenseMeditation.xcdatamodeld /Users/jeandavidt/Library/Developer/Xcode/DerivedData/NoNonsenseMeditation-gezitvgaoopzxyeikzmebhxfwniw/Build/Intermediates.noindex/NoNonsenseMeditation.build/Debug-iphonesimulator/NoNonsenseMeditation.build/DerivedSources/CoreDataGenerated/NoNonsenseMeditation

ExecuteExternalTool /Applications/Xcode.app/Contents/Developer/usr/bin/actool --print-asset-tag-combinations --output-format xml1 /Users/jeandavidt/Developer/jeandavidt/no-nonsense-meditation/ios/NoNonsenseMeditation/Assets.xcassets /Users/jeandavidt/Developer/jeandavidt/no-nonsense-meditation/ios/NoNonsenseMeditation/Preview Content/Preview Assets.xcassets

ExecuteExternalTool /Applications/Xcode.app/Contents/Developer/usr/bin/actool --version --output-format xml1

ExecuteExternalTool /Applications/Xcode.app/Contents/Developer/Toolchains/XcodeDefault.xctoolchain/usr/bin/swiftc --version

ExecuteExternalTool /Applications/Xcode.app/Contents/Developer/Toolchains/XcodeDefault.xctoolchain/usr/bin/ld -version_details

Build description signature: ed5fe246dabb1bb002c11dbc626a5bef
Build description path: /Users/jeandavidt/Library/Developer/Xcode/DerivedData/NoNonsenseMeditation-gezitvgaoopzxyeikzmebhxfwniw/Build/Intermediates.noindex/XCBuildData/ed5fe246dabb1bb002c11dbc626a5bef.xcbuilddata
ProcessProductPackaging /Users/jeandavidt/Developer/jeandavidt/no-nonsense-meditation/ios/NoNonsenseMeditation/NoNonsenseMeditation.entitlements /Users/jeandavidt/Library/Developer/Xcode/DerivedData/NoNonsenseMeditation-gezitvgaoopzxyeikzmebhxfwniw/Build/Intermediates.noindex/NoNonsenseMeditation.build/Debug-iphonesimulator/NoNonsenseMeditation.build/NoNonsenseMeditation.app-Simulated.xcent (in target 'NoNonsenseMeditation' from project 'NoNonsenseMeditation')
    cd /Users/jeandavidt/Developer/jeandavidt/no-nonsense-meditation/ios
    
    Entitlements:
    
    {
    "application-identifier" = "S65RLZRGD2.com.jeandavidt.NoNonsenseMeditation";
    "aps-environment" = development;
    "com.apple.developer.healthkit" = 1;
    "com.apple.developer.healthkit.access" =     (
    );
    "com.apple.developer.icloud-container-identifiers" =     (
        "iCloud.com.jeandavidt.NoNonsenseMeditation"
    );
    "com.apple.developer.icloud-services" =     (
        CloudKit
    );
    "com.apple.developer.ubiquity-kvstore-identifier" = "com.jeandavidt.NoNonsenseMeditation";
    "com.apple.security.application-groups" =     (
        "group.com.jeandavidt.NoNonsenseMeditation"
    );
}
    
    builtin-productPackagingUtility /Users/jeandavidt/Developer/jeandavidt/no-nonsense-meditation/ios/NoNonsenseMeditation/NoNonsenseMeditation.entitlements -entitlements -format xml -o /Users/jeandavidt/Library/Developer/Xcode/DerivedData/NoNonsenseMeditation-gezitvgaoopzxyeikzmebhxfwniw/Build/Intermediates.noindex/NoNonsenseMeditation.build/Debug-iphonesimulator/NoNonsenseMeditation.build/NoNonsenseMeditation.app-Simulated.xcent

ProcessProductPackaging /Users/jeandavidt/Developer/jeandavidt/no-nonsense-meditation/ios/NoNonsenseMeditation/NoNonsenseMeditation.entitlements /Users/jeandavidt/Library/Developer/Xcode/DerivedData/NoNonsenseMeditation-gezitvgaoopzxyeikzmebhxfwniw/Build/Intermediates.noindex/NoNonsenseMeditation.build/Debug-iphonesimulator/NoNonsenseMeditation.build/NoNonsenseMeditation.app.xcent (in target 'NoNonsenseMeditation' from project 'NoNonsenseMeditation')
    cd /Users/jeandavidt/Developer/jeandavidt/no-nonsense-meditation/ios
    
    Entitlements:
    
    {
}
    
    builtin-productPackagingUtility /Users/jeandavidt/Developer/jeandavidt/no-nonsense-meditation/ios/NoNonsenseMeditation/NoNonsenseMeditation.entitlements -entitlements -format xml -o /Users/jeandavidt/Library/Developer/Xcode/DerivedData/NoNonsenseMeditation-gezitvgaoopzxyeikzmebhxfwniw/Build/Intermediates.noindex/NoNonsenseMeditation.build/Debug-iphonesimulator/NoNonsenseMeditation.build/NoNonsenseMeditation.app.xcent

ProcessProductPackagingDER /Users/jeandavidt/Library/Developer/Xcode/DerivedData/NoNonsenseMeditation-gezitvgaoopzxyeikzmebhxfwniw/Build/Intermediates.noindex/NoNonsenseMeditation.build/Debug-iphonesimulator/NoNonsenseMeditation.build/NoNonsenseMeditation.app-Simulated.xcent /Users/jeandavidt/Library/Developer/Xcode/DerivedData/NoNonsenseMeditation-gezitvgaoopzxyeikzmebhxfwniw/Build/Intermediates.noindex/NoNonsenseMeditation.build/Debug-iphonesimulator/NoNonsenseMeditation.build/NoNonsenseMeditation.app-Simulated.xcent.der (in target 'NoNonsenseMeditation' from project 'NoNonsenseMeditation')
    cd /Users/jeandavidt/Developer/jeandavidt/no-nonsense-meditation/ios
    /usr/bin/derq query -f xml -i /Users/jeandavidt/Library/Developer/Xcode/DerivedData/NoNonsenseMeditation-gezitvgaoopzxyeikzmebhxfwniw/Build/Intermediates.noindex/NoNonsenseMeditation.build/Debug-iphonesimulator/NoNonsenseMeditation.build/NoNonsenseMeditation.app-Simulated.xcent -o /Users/jeandavidt/Library/Developer/Xcode/DerivedData/NoNonsenseMeditation-gezitvgaoopzxyeikzmebhxfwniw/Build/Intermediates.noindex/NoNonsenseMeditation.build/Debug-iphonesimulator/NoNonsenseMeditation.build/NoNonsenseMeditation.app-Simulated.xcent.der --raw

ProcessProductPackagingDER /Users/jeandavidt/Library/Developer/Xcode/DerivedData/NoNonsenseMeditation-gezitvgaoopzxyeikzmebhxfwniw/Build/Intermediates.noindex/NoNonsenseMeditation.build/Debug-iphonesimulator/NoNonsenseMeditation.build/NoNonsenseMeditation.app.xcent /Users/jeandavidt/Library/Developer/Xcode/DerivedData/NoNonsenseMeditation-gezitvgaoopzxyeikzmebhxfwniw/Build/Intermediates.noindex/NoNonsenseMeditation.build/Debug-iphonesimulator/NoNonsenseMeditation.build/NoNonsenseMeditation.app.xcent.der (in target 'NoNonsenseMeditation' from project 'NoNonsenseMeditation')
    cd /Users/jeandavidt/Developer/jeandavidt/no-nonsense-meditation/ios
    /usr/bin/derq query -f xml -i /Users/jeandavidt/Library/Developer/Xcode/DerivedData/NoNonsenseMeditation-gezitvgaoopzxyeikzmebhxfwniw/Build/Intermediates.noindex/NoNonsenseMeditation.build/Debug-iphonesimulator/NoNonsenseMeditation.build/NoNonsenseMeditation.app.xcent -o /Users/jeandavidt/Library/Developer/Xcode/DerivedData/NoNonsenseMeditation-gezitvgaoopzxyeikzmebhxfwniw/Build/Intermediates.noindex/NoNonsenseMeditation.build/Debug-iphonesimulator/NoNonsenseMeditation.build/NoNonsenseMeditation.app.xcent.der --raw

ClangStatCache /Applications/Xcode.app/Contents/Developer/Toolchains/XcodeDefault.xctoolchain/usr/bin/clang-stat-cache /Applications/Xcode.app/Contents/Developer/Platforms/iPhoneSimulator.platform/Developer/SDKs/iPhoneSimulator26.2.sdk /Users/jeandavidt/Library/Developer/Xcode/DerivedData/SDKStatCaches.noindex/iphonesimulator26.2-23C53-7d00a8b37fbd7999ea79df8ebc024bf0.sdkstatcache
    cd /Users/jeandavidt/Developer/jeandavidt/no-nonsense-meditation/ios/NoNonsenseMeditation.xcodeproj
    /Applications/Xcode.app/Contents/Developer/Toolchains/XcodeDefault.xctoolchain/usr/bin/clang-stat-cache /Applications/Xcode.app/Contents/Developer/Platforms/iPhoneSimulator.platform/Developer/SDKs/iPhoneSimulator26.2.sdk -o /Users/jeandavidt/Library/Developer/Xcode/DerivedData/SDKStatCaches.noindex/iphonesimulator26.2-23C53-7d00a8b37fbd7999ea79df8ebc024bf0.sdkstatcache

Ld /Users/jeandavidt/Library/Developer/Xcode/DerivedData/NoNonsenseMeditation-gezitvgaoopzxyeikzmebhxfwniw/Build/Products/Debug-iphonesimulator/NoNonsenseMeditation.app/NoNonsenseMeditation.debug.dylib normal (in target 'NoNonsenseMeditation' from project 'NoNonsenseMeditation')
    cd /Users/jeandavidt/Developer/jeandavidt/no-nonsense-meditation/ios
    /Applications/Xcode.app/Contents/Developer/Toolchains/XcodeDefault.xctoolchain/usr/bin/clang -Xlinker -reproducible -target arm64-apple-ios17.0-simulator -dynamiclib -isysroot /Applications/Xcode.app/Contents/Developer/Platforms/iPhoneSimulator.platform/Developer/SDKs/iPhoneSimulator26.2.sdk -O0 -L/Users/jeandavidt/Library/Developer/Xcode/DerivedData/NoNonsenseMeditation-gezitvgaoopzxyeikzmebhxfwniw/Build/Intermediates.noindex/EagerLinkingTBDs/Debug-iphonesimulator -L/Users/jeandavidt/Library/Developer/Xcode/DerivedData/NoNonsenseMeditation-gezitvgaoopzxyeikzmebhxfwniw/Build/Products/Debug-iphonesimulator -F/Users/jeandavidt/Library/Developer/Xcode/DerivedData/NoNonsenseMeditation-gezitvgaoopzxyeikzmebhxfwniw/Build/Intermediates.noindex/EagerLinkingTBDs/Debug-iphonesimulator -F/Users/jeandavidt/Library/Developer/Xcode/DerivedData/NoNonsenseMeditation-gezitvgaoopzxyeikzmebhxfwniw/Build/Products/Debug-iphonesimulator -FSystem/Library/Frameworks -filelist /Users/jeandavidt/Library/Developer/Xcode/DerivedData/NoNonsenseMeditation-gezitvgaoopzxyeikzmebhxfwniw/Build/Intermediates.noindex/NoNonsenseMeditation.build/Debug-iphonesimulator/NoNonsenseMeditation.build/Objects-normal/arm64/NoNonsenseMeditation.LinkFileList -install_name @rpath/NoNonsenseMeditation.debug.dylib -Xlinker -rpath -Xlinker /usr/lib/swift -Xlinker -rpath -Xlinker @executable_path/Frameworks -dead_strip -Xlinker -object_path_lto -Xlinker /Users/jeandavidt/Library/Developer/Xcode/DerivedData/NoNonsenseMeditation-gezitvgaoopzxyeikzmebhxfwniw/Build/Intermediates.noindex/NoNonsenseMeditation.build/Debug-iphonesimulator/NoNonsenseMeditation.build/Objects-normal/arm64/NoNonsenseMeditation_lto.o -rdynamic -Xlinker -no_deduplicate -Xlinker -objc_abi_version -Xlinker 2 -Xlinker -debug_variant -Xlinker -dependency_info -Xlinker /Users/jeandavidt/Library/Developer/Xcode/DerivedData/NoNonsenseMeditation-gezitvgaoopzxyeikzmebhxfwniw/Build/Intermediates.noindex/NoNonsenseMeditation.build/Debug-iphonesimulator/NoNonsenseMeditation.build/Objects-normal/arm64/NoNonsenseMeditation_dependency_info.dat -fobjc-link-runtime -fprofile-instr-generate -L/Applications/Xcode.app/Contents/Developer/Toolchains/XcodeDefault.xctoolchain/usr/lib/swift/iphonesimulator -L/usr/lib/swift -Xlinker -add_ast_path -Xlinker /Users/jeandavidt/Library/Developer/Xcode/DerivedData/NoNonsenseMeditation-gezitvgaoopzxyeikzmebhxfwniw/Build/Intermediates.noindex/NoNonsenseMeditation.build/Debug-iphonesimulator/NoNonsenseMeditation.build/Objects-normal/arm64/NoNonsenseMeditation.swiftmodule @/Users/jeandavidt/Library/Developer/Xcode/DerivedData/NoNonsenseMeditation-gezitvgaoopzxyeikzmebhxfwniw/Build/Intermediates.noindex/NoNonsenseMeditation.build/Debug-iphonesimulator/NoNonsenseMeditation.build/Objects-normal/arm64/NoNonsenseMeditation-linker-args.resp -Xlinker -alias -Xlinker _main -Xlinker ___debug_main_executable_dylib_entry_point -framework HealthKit -framework CloudKit -Xlinker -no_adhoc_codesign -o /Users/jeandavidt/Library/Developer/Xcode/DerivedData/NoNonsenseMeditation-gezitvgaoopzxyeikzmebhxfwniw/Build/Products/Debug-iphonesimulator/NoNonsenseMeditation.app/NoNonsenseMeditation.debug.dylib
ld: warning: search path 'System/Library/Frameworks' not found

ConstructStubExecutorLinkFileList /Users/jeandavidt/Library/Developer/Xcode/DerivedData/NoNonsenseMeditation-gezitvgaoopzxyeikzmebhxfwniw/Build/Intermediates.noindex/NoNonsenseMeditation.build/Debug-iphonesimulator/NoNonsenseMeditation.build/NoNonsenseMeditation-ExecutorLinkFileList-normal-arm64.txt (in target 'NoNonsenseMeditation' from project 'NoNonsenseMeditation')
    cd /Users/jeandavidt/Developer/jeandavidt/no-nonsense-meditation/ios
    construct-stub-executor-link-file-list /Users/jeandavidt/Library/Developer/Xcode/DerivedData/NoNonsenseMeditation-gezitvgaoopzxyeikzmebhxfwniw/Build/Products/Debug-iphonesimulator/NoNonsenseMeditation.app/NoNonsenseMeditation.debug.dylib /Applications/Xcode.app/Contents/Developer/Platforms/iPhoneSimulator.platform/Developer/usr/lib/libPreviewsJITStubExecutor_no_swift_entry_point.a /Applications/Xcode.app/Contents/Developer/Platforms/iPhoneSimulator.platform/Developer/usr/lib/libPreviewsJITStubExecutor.a --output /Users/jeandavidt/Library/Developer/Xcode/DerivedData/NoNonsenseMeditation-gezitvgaoopzxyeikzmebhxfwniw/Build/Intermediates.noindex/NoNonsenseMeditation.build/Debug-iphonesimulator/NoNonsenseMeditation.build/NoNonsenseMeditation-ExecutorLinkFileList-normal-arm64.txt
note: Using stub executor library with Swift entry point. (in target 'NoNonsenseMeditation' from project 'NoNonsenseMeditation')

Ld /Users/jeandavidt/Library/Developer/Xcode/DerivedData/NoNonsenseMeditation-gezitvgaoopzxyeikzmebhxfwniw/Build/Products/Debug-iphonesimulator/NoNonsenseMeditation.app/NoNonsenseMeditation normal (in target 'NoNonsenseMeditation' from project 'NoNonsenseMeditation')
    cd /Users/jeandavidt/Developer/jeandavidt/no-nonsense-meditation/ios
    /Applications/Xcode.app/Contents/Developer/Toolchains/XcodeDefault.xctoolchain/usr/bin/clang -Xlinker -reproducible -target arm64-apple-ios17.0-simulator -isysroot /Applications/Xcode.app/Contents/Developer/Platforms/iPhoneSimulator.platform/Developer/SDKs/iPhoneSimulator26.2.sdk -O0 -L/Users/jeandavidt/Library/Developer/Xcode/DerivedData/NoNonsenseMeditation-gezitvgaoopzxyeikzmebhxfwniw/Build/Products/Debug-iphonesimulator -F/Users/jeandavidt/Library/Developer/Xcode/DerivedData/NoNonsenseMeditation-gezitvgaoopzxyeikzmebhxfwniw/Build/Products/Debug-iphonesimulator -FSystem/Library/Frameworks -Xlinker -rpath -Xlinker @executable_path -Xlinker -rpath -Xlinker @executable_path/Frameworks -rdynamic -Xlinker -no_deduplicate -Xlinker -objc_abi_version -Xlinker 2 -Xlinker -debug_variant -e ___debug_blank_executor_main -Xlinker -sectcreate -Xlinker __TEXT -Xlinker __debug_dylib -Xlinker /Users/jeandavidt/Library/Developer/Xcode/DerivedData/NoNonsenseMeditation-gezitvgaoopzxyeikzmebhxfwniw/Build/Intermediates.noindex/NoNonsenseMeditation.build/Debug-iphonesimulator/NoNonsenseMeditation.build/NoNonsenseMeditation-DebugDylibPath-normal-arm64.txt -Xlinker -sectcreate -Xlinker __TEXT -Xlinker __debug_instlnm -Xlinker /Users/jeandavidt/Library/Developer/Xcode/DerivedData/NoNonsenseMeditation-gezitvgaoopzxyeikzmebhxfwniw/Build/Intermediates.noindex/NoNonsenseMeditation.build/Debug-iphonesimulator/NoNonsenseMeditation.build/NoNonsenseMeditation-DebugDylibInstallName-normal-arm64.txt -Xlinker -filelist -Xlinker /Users/jeandavidt/Library/Developer/Xcode/DerivedData/NoNonsenseMeditation-gezitvgaoopzxyeikzmebhxfwniw/Build/Intermediates.noindex/NoNonsenseMeditation.build/Debug-iphonesimulator/NoNonsenseMeditation.build/NoNonsenseMeditation-ExecutorLinkFileList-normal-arm64.txt -Xlinker -sectcreate -Xlinker __TEXT -Xlinker __entitlements -Xlinker /Users/jeandavidt/Library/Developer/Xcode/DerivedData/NoNonsenseMeditation-gezitvgaoopzxyeikzmebhxfwniw/Build/Intermediates.noindex/NoNonsenseMeditation.build/Debug-iphonesimulator/NoNonsenseMeditation.build/NoNonsenseMeditation.app-Simulated.xcent -Xlinker -sectcreate -Xlinker __TEXT -Xlinker __ents_der -Xlinker /Users/jeandavidt/Library/Developer/Xcode/DerivedData/NoNonsenseMeditation-gezitvgaoopzxyeikzmebhxfwniw/Build/Intermediates.noindex/NoNonsenseMeditation.build/Debug-iphonesimulator/NoNonsenseMeditation.build/NoNonsenseMeditation.app-Simulated.xcent.der /Users/jeandavidt/Library/Developer/Xcode/DerivedData/NoNonsenseMeditation-gezitvgaoopzxyeikzmebhxfwniw/Build/Products/Debug-iphonesimulator/NoNonsenseMeditation.app/NoNonsenseMeditation.debug.dylib -Xlinker -no_adhoc_codesign -o /Users/jeandavidt/Library/Developer/Xcode/DerivedData/NoNonsenseMeditation-gezitvgaoopzxyeikzmebhxfwniw/Build/Products/Debug-iphonesimulator/NoNonsenseMeditation.app/NoNonsenseMeditation
ld: warning: search path 'System/Library/Frameworks' not found

ExtractAppIntentsMetadata (in target 'NoNonsenseMeditation' from project 'NoNonsenseMeditation')
    cd /Users/jeandavidt/Developer/jeandavidt/no-nonsense-meditation/ios
    /Applications/Xcode.app/Contents/Developer/Toolchains/XcodeDefault.xctoolchain/usr/bin/appintentsmetadataprocessor --toolchain-dir /Applications/Xcode.app/Contents/Developer/Toolchains/XcodeDefault.xctoolchain --module-name NoNonsenseMeditation --sdk-root /Applications/Xcode.app/Contents/Developer/Platforms/iPhoneSimulator.platform/Developer/SDKs/iPhoneSimulator26.2.sdk --xcode-version 17C52 --platform-family iOS --deployment-target 17.0 --bundle-identifier com.jeandavidt.NoNonsenseMeditation --output /Users/jeandavidt/Library/Developer/Xcode/DerivedData/NoNonsenseMeditation-gezitvgaoopzxyeikzmebhxfwniw/Build/Products/Debug-iphonesimulator/NoNonsenseMeditation.app --target-triple arm64-apple-ios17.0-simulator --binary-file /Users/jeandavidt/Library/Developer/Xcode/DerivedData/NoNonsenseMeditation-gezitvgaoopzxyeikzmebhxfwniw/Build/Products/Debug-iphonesimulator/NoNonsenseMeditation.app/NoNonsenseMeditation --dependency-file /Users/jeandavidt/Library/Developer/Xcode/DerivedData/NoNonsenseMeditation-gezitvgaoopzxyeikzmebhxfwniw/Build/Intermediates.noindex/NoNonsenseMeditation.build/Debug-iphonesimulator/NoNonsenseMeditation.build/Objects-normal/arm64/NoNonsenseMeditation_dependency_info.dat --stringsdata-file /Users/jeandavidt/Library/Developer/Xcode/DerivedData/NoNonsenseMeditation-gezitvgaoopzxyeikzmebhxfwniw/Build/Intermediates.noindex/NoNonsenseMeditation.build/Debug-iphonesimulator/NoNonsenseMeditation.build/Objects-normal/arm64/ExtractedAppShortcutsMetadata.stringsdata --source-file-list /Users/jeandavidt/Library/Developer/Xcode/DerivedData/NoNonsenseMeditation-gezitvgaoopzxyeikzmebhxfwniw/Build/Intermediates.noindex/NoNonsenseMeditation.build/Debug-iphonesimulator/NoNonsenseMeditation.build/Objects-normal/arm64/NoNonsenseMeditation.SwiftFileList --metadata-file-list /Users/jeandavidt/Library/Developer/Xcode/DerivedData/NoNonsenseMeditation-gezitvgaoopzxyeikzmebhxfwniw/Build/Intermediates.noindex/NoNonsenseMeditation.build/Debug-iphonesimulator/NoNonsenseMeditation.build/NoNonsenseMeditation.DependencyMetadataFileList --static-metadata-file-list /Users/jeandavidt/Library/Developer/Xcode/DerivedData/NoNonsenseMeditation-gezitvgaoopzxyeikzmebhxfwniw/Build/Intermediates.noindex/NoNonsenseMeditation.build/Debug-iphonesimulator/NoNonsenseMeditation.build/NoNonsenseMeditation.DependencyStaticMetadataFileList --swift-const-vals-list /Users/jeandavidt/Library/Developer/Xcode/DerivedData/NoNonsenseMeditation-gezitvgaoopzxyeikzmebhxfwniw/Build/Intermediates.noindex/NoNonsenseMeditation.build/Debug-iphonesimulator/NoNonsenseMeditation.build/Objects-normal/arm64/NoNonsenseMeditation.SwiftConstValuesFileList --compile-time-extraction --deployment-aware-processing --validate-assistant-intents --no-app-shortcuts-localization
2026-01-06 10:18:28.403 appintentsmetadataprocessor[96926:3863104] Starting appintentsmetadataprocessor export
2026-01-06 10:18:28.404 appintentsmetadataprocessor[96926:3863104] warning: Metadata extraction skipped. No AppIntents.framework dependency found.

CopySwiftLibs /Users/jeandavidt/Library/Developer/Xcode/DerivedData/NoNonsenseMeditation-gezitvgaoopzxyeikzmebhxfwniw/Build/Products/Debug-iphonesimulator/NoNonsenseMeditation.app (in target 'NoNonsenseMeditation' from project 'NoNonsenseMeditation')
    cd /Users/jeandavidt/Developer/jeandavidt/no-nonsense-meditation/ios
    builtin-swiftStdLibTool --copy --verbose --sign - --scan-executable /Users/jeandavidt/Library/Developer/Xcode/DerivedData/NoNonsenseMeditation-gezitvgaoopzxyeikzmebhxfwniw/Build/Products/Debug-iphonesimulator/NoNonsenseMeditation.app/NoNonsenseMeditation.debug.dylib --scan-folder /Users/jeandavidt/Library/Developer/Xcode/DerivedData/NoNonsenseMeditation-gezitvgaoopzxyeikzmebhxfwniw/Build/Products/Debug-iphonesimulator/NoNonsenseMeditation.app/Frameworks --scan-folder /Users/jeandavidt/Library/Developer/Xcode/DerivedData/NoNonsenseMeditation-gezitvgaoopzxyeikzmebhxfwniw/Build/Products/Debug-iphonesimulator/NoNonsenseMeditation.app/PlugIns --scan-folder /Users/jeandavidt/Library/Developer/Xcode/DerivedData/NoNonsenseMeditation-gezitvgaoopzxyeikzmebhxfwniw/Build/Products/Debug-iphonesimulator/NoNonsenseMeditation.app/SystemExtensions --scan-folder /Users/jeandavidt/Library/Developer/Xcode/DerivedData/NoNonsenseMeditation-gezitvgaoopzxyeikzmebhxfwniw/Build/Products/Debug-iphonesimulator/NoNonsenseMeditation.app/Extensions --scan-folder /Users/jeandavidt/Developer/jeandavidt/no-nonsense-meditation/ios/System/Library/Frameworks/HealthKit.framework --scan-folder /Users/jeandavidt/Developer/jeandavidt/no-nonsense-meditation/ios/System/Library/Frameworks/CloudKit.framework --platform iphonesimulator --toolchain /Applications/Xcode.app/Contents/Developer/Toolchains/XcodeDefault.xctoolchain --destination /Users/jeandavidt/Library/Developer/Xcode/DerivedData/NoNonsenseMeditation-gezitvgaoopzxyeikzmebhxfwniw/Build/Products/Debug-iphonesimulator/NoNonsenseMeditation.app/Frameworks --strip-bitcode --strip-bitcode-tool /Applications/Xcode.app/Contents/Developer/Toolchains/XcodeDefault.xctoolchain/usr/bin/bitcode_strip --emit-dependency-info /Users/jeandavidt/Library/Developer/Xcode/DerivedData/NoNonsenseMeditation-gezitvgaoopzxyeikzmebhxfwniw/Build/Intermediates.noindex/NoNonsenseMeditation.build/Debug-iphonesimulator/NoNonsenseMeditation.build/SwiftStdLibToolInputDependencies.dep --filter-for-swift-os

ProcessInfoPlistFile /Users/jeandavidt/Library/Developer/Xcode/DerivedData/NoNonsenseMeditation-gezitvgaoopzxyeikzmebhxfwniw/Build/Products/Debug-iphonesimulator/NoNonsenseMeditation.app/Info.plist /Users/jeandavidt/Developer/jeandavidt/no-nonsense-meditation/ios/NoNonsenseMeditation/Info.plist (in target 'NoNonsenseMeditation' from project 'NoNonsenseMeditation')
    cd /Users/jeandavidt/Developer/jeandavidt/no-nonsense-meditation/ios
    builtin-infoPlistUtility /Users/jeandavidt/Developer/jeandavidt/no-nonsense-meditation/ios/NoNonsenseMeditation/Info.plist -producttype com.apple.product-type.application -genpkginfo /Users/jeandavidt/Library/Developer/Xcode/DerivedData/NoNonsenseMeditation-gezitvgaoopzxyeikzmebhxfwniw/Build/Products/Debug-iphonesimulator/NoNonsenseMeditation.app/PkgInfo -expandbuildsettings -format binary -platform iphonesimulator -additionalcontentfile /Users/jeandavidt/Library/Developer/Xcode/DerivedData/NoNonsenseMeditation-gezitvgaoopzxyeikzmebhxfwniw/Build/Intermediates.noindex/NoNonsenseMeditation.build/Debug-iphonesimulator/NoNonsenseMeditation.build/assetcatalog_generated_info.plist -o /Users/jeandavidt/Library/Developer/Xcode/DerivedData/NoNonsenseMeditation-gezitvgaoopzxyeikzmebhxfwniw/Build/Products/Debug-iphonesimulator/NoNonsenseMeditation.app/Info.plist

CodeSign /Users/jeandavidt/Library/Developer/Xcode/DerivedData/NoNonsenseMeditation-gezitvgaoopzxyeikzmebhxfwniw/Build/Products/Debug-iphonesimulator/NoNonsenseMeditation.app/NoNonsenseMeditation.debug.dylib (in target 'NoNonsenseMeditation' from project 'NoNonsenseMeditation')
    cd /Users/jeandavidt/Developer/jeandavidt/no-nonsense-meditation/ios
    
    Signing Identity:     "Sign to Run Locally"
    
    /usr/bin/codesign --force --sign - --timestamp\=none --generate-entitlement-der /Users/jeandavidt/Library/Developer/Xcode/DerivedData/NoNonsenseMeditation-gezitvgaoopzxyeikzmebhxfwniw/Build/Products/Debug-iphonesimulator/NoNonsenseMeditation.app/NoNonsenseMeditation.debug.dylib

CodeSign /Users/jeandavidt/Library/Developer/Xcode/DerivedData/NoNonsenseMeditation-gezitvgaoopzxyeikzmebhxfwniw/Build/Products/Debug-iphonesimulator/NoNonsenseMeditation.app (in target 'NoNonsenseMeditation' from project 'NoNonsenseMeditation')
    cd /Users/jeandavidt/Developer/jeandavidt/no-nonsense-meditation/ios
    
    Signing Identity:     "Sign to Run Locally"
    
    /usr/bin/codesign --force --sign - --entitlements /Users/jeandavidt/Library/Developer/Xcode/DerivedData/NoNonsenseMeditation-gezitvgaoopzxyeikzmebhxfwniw/Build/Intermediates.noindex/NoNonsenseMeditation.build/Debug-iphonesimulator/NoNonsenseMeditation.build/NoNonsenseMeditation.app.xcent --timestamp\=none --generate-entitlement-der /Users/jeandavidt/Library/Developer/Xcode/DerivedData/NoNonsenseMeditation-gezitvgaoopzxyeikzmebhxfwniw/Build/Products/Debug-iphonesimulator/NoNonsenseMeditation.app

Validate /Users/jeandavidt/Library/Developer/Xcode/DerivedData/NoNonsenseMeditation-gezitvgaoopzxyeikzmebhxfwniw/Build/Products/Debug-iphonesimulator/NoNonsenseMeditation.app (in target 'NoNonsenseMeditation' from project 'NoNonsenseMeditation')
    cd /Users/jeandavidt/Developer/jeandavidt/no-nonsense-meditation/ios
    builtin-validationUtility /Users/jeandavidt/Library/Developer/Xcode/DerivedData/NoNonsenseMeditation-gezitvgaoopzxyeikzmebhxfwniw/Build/Products/Debug-iphonesimulator/NoNonsenseMeditation.app -shallow-bundle -infoplist-subpath Info.plist

** BUILD SUCCEEDED **

